2020-01-22 07:08:23.355 [main] INFO  library.assistant.ui.main.Main - Library Assistant launched on 22-01-2020 07:08:23 AM
2020-01-22 07:08:24.843 [Thread-6] INFO  library.assistant.exceptions.ExceptionUtil - Already loaded tables [issue, book, member, mail_server_info]
2020-01-22 07:08:24.845 [Thread-6] INFO  library.assistant.exceptions.ExceptionUtil - Tables are already loaded
2020-01-22 07:08:36.540 [JavaFX Application Thread] INFO  library.assistant.ui.login.LoginController - User successfully logged in admin
2020-01-22 08:14:18.291 [Thread-8] INFO  library.assistant.ui.main.Main - Library Assistant is closing on 22-01-2020 07:08:23 AM. Used for 1579659258290 ms
2020-01-22 08:14:23.204 [main] INFO  library.assistant.ui.main.Main - Library Assistant launched on 22-01-2020 08:14:23 AM
2020-01-22 08:14:24.265 [Thread-6] INFO  library.assistant.exceptions.ExceptionUtil - Already loaded tables [issue, book, member, mail_server_info]
2020-01-22 08:14:24.266 [Thread-6] INFO  library.assistant.exceptions.ExceptionUtil - Tables are already loaded
2020-01-22 08:14:33.809 [JavaFX Application Thread] INFO  library.assistant.ui.login.LoginController - User successfully logged in admin
2020-01-22 08:15:03.535 [JavaFX Application Thread] INFO  library.assistant.exceptions.ExceptionUtil - INSERT INTO ISSUE(memberID,bookID) VALUES ('101','121') and UPDATE BOOK SET isAvail = false WHERE id = '121'
2020-01-22 08:17:49.914 [JavaFX Application Thread] INFO  library.assistant.exceptions.ExceptionUtil - Issued on 2020-01-22 08:15:03.576
2020-01-22 08:19:39.681 [Thread-8] INFO  library.assistant.ui.main.Main - Library Assistant is closing on 22-01-2020 08:14:23 AM. Used for 1579659579680 ms
2020-01-22 08:19:54.148 [main] INFO  library.assistant.ui.main.Main - Library Assistant launched on 22-01-2020 08:19:54 AM
2020-01-22 08:19:54.998 [Thread-6] INFO  library.assistant.exceptions.ExceptionUtil - Already loaded tables [issue, book, member, mail_server_info]
2020-01-22 08:19:55.000 [Thread-6] INFO  library.assistant.exceptions.ExceptionUtil - Tables are already loaded
2020-01-22 08:20:02.959 [JavaFX Application Thread] INFO  library.assistant.ui.login.LoginController - User successfully logged in admin
2020-01-22 08:20:10.414 [JavaFX Application Thread] INFO  library.assistant.exceptions.ExceptionUtil - Issued on 2020-01-22 08:15:03.576
2020-01-22 08:20:42.353 [JavaFX Application Thread] INFO  library.assistant.exceptions.ExceptionUtil - Issued on 2020-01-22 08:15:03.576
2020-01-22 08:21:10.497 [JavaFX Application Thread] INFO  library.assistant.exceptions.ExceptionUtil - Issued on 2020-01-22 08:15:03.576
2020-01-22 08:24:03.036 [Thread-8] INFO  library.assistant.ui.main.Main - Library Assistant is closing on 22-01-2020 08:19:54 AM. Used for 1579659843036 ms
2020-01-22 08:24:07.089 [main] INFO  library.assistant.ui.main.Main - Library Assistant launched on 22-01-2020 08:24:07 AM
2020-01-22 08:24:08.011 [Thread-6] INFO  library.assistant.exceptions.ExceptionUtil - Already loaded tables [issue, book, member, mail_server_info]
2020-01-22 08:24:08.013 [Thread-6] INFO  library.assistant.exceptions.ExceptionUtil - Tables are already loaded
2020-01-22 08:24:16.158 [JavaFX Application Thread] INFO  library.assistant.ui.login.LoginController - User successfully logged in admin
2020-01-22 08:24:33.740 [Thread-8] INFO  library.assistant.ui.main.Main - Library Assistant is closing on 22-01-2020 08:24:07 AM. Used for 1579659873739 ms
2020-01-22 08:24:51.048 [main] INFO  library.assistant.ui.main.Main - Library Assistant launched on 22-01-2020 08:24:51 AM
2020-01-22 08:24:52.103 [Thread-6] INFO  library.assistant.exceptions.ExceptionUtil - Already loaded tables [issue, book, member, mail_server_info]
2020-01-22 08:24:52.105 [Thread-6] INFO  library.assistant.exceptions.ExceptionUtil - Tables are already loaded
2020-01-22 08:25:02.228 [JavaFX Application Thread] INFO  library.assistant.ui.login.LoginController - User successfully logged in admin
2020-01-22 08:25:16.680 [JavaFX Application Thread] INFO  library.assistant.exceptions.ExceptionUtil - INSERT INTO ISSUE(memberID,bookID) VALUES ('101','122') and UPDATE BOOK SET isAvail = false WHERE id = '122'
2020-01-22 08:25:57.572 [Thread-8] INFO  library.assistant.ui.main.Main - Library Assistant is closing on 22-01-2020 08:24:51 AM. Used for 1579659957571 ms
2020-01-22 08:29:49.865 [main] INFO  library.assistant.ui.main.Main - Library Assistant launched on 22-01-2020 08:29:49 AM
2020-01-22 08:29:50.740 [Thread-6] INFO  library.assistant.exceptions.ExceptionUtil - Already loaded tables [issue, book, member, mail_server_info]
2020-01-22 08:29:50.742 [Thread-6] INFO  library.assistant.exceptions.ExceptionUtil - Tables are already loaded
2020-01-22 08:29:58.206 [JavaFX Application Thread] INFO  library.assistant.ui.login.LoginController - User successfully logged in admin
2020-01-22 08:30:37.300 [JavaFX Application Thread] INFO  library.assistant.exceptions.ExceptionUtil - INSERT INTO ISSUE(memberID,bookID) VALUES ('101','122') and UPDATE BOOK SET isAvail = false WHERE id = '122'
2020-01-22 08:36:34.457 [Thread-8] INFO  library.assistant.ui.main.Main - Library Assistant is closing on 22-01-2020 08:29:49 AM. Used for 1579660594456 ms
2020-01-22 08:36:38.822 [main] INFO  library.assistant.ui.main.Main - Library Assistant launched on 22-01-2020 08:36:38 AM
2020-01-22 08:36:39.926 [Thread-6] INFO  library.assistant.exceptions.ExceptionUtil - Already loaded tables [issue, book, member, mail_server_info]
2020-01-22 08:36:39.927 [Thread-6] INFO  library.assistant.exceptions.ExceptionUtil - Tables are already loaded
2020-01-22 08:36:46.664 [JavaFX Application Thread] INFO  library.assistant.ui.login.LoginController - User successfully logged in admin
2020-01-22 08:38:01.962 [Thread-8] INFO  library.assistant.ui.main.Main - Library Assistant is closing on 22-01-2020 08:36:38 AM. Used for 1579660681961 ms
2020-01-22 08:39:14.556 [main] INFO  library.assistant.ui.main.Main - Library Assistant launched on 22-01-2020 08:39:14 AM
2020-01-22 08:39:15.572 [Thread-6] INFO  library.assistant.exceptions.ExceptionUtil - Already loaded tables [issue, book, member, mail_server_info]
2020-01-22 08:39:15.574 [Thread-6] INFO  library.assistant.exceptions.ExceptionUtil - Tables are already loaded
2020-01-22 08:39:22.866 [JavaFX Application Thread] INFO  library.assistant.ui.login.LoginController - User successfully logged in admin
2020-01-22 08:39:36.306 [Thread-8] INFO  library.assistant.ui.main.Main - Library Assistant is closing on 22-01-2020 08:39:14 AM. Used for 1579660776305 ms
2020-01-22 08:41:19.858 [main] INFO  library.assistant.ui.main.Main - Library Assistant launched on 22-01-2020 08:41:19 AM
2020-01-22 08:41:20.713 [Thread-6] INFO  library.assistant.exceptions.ExceptionUtil - Already loaded tables [issue, book, member, mail_server_info]
2020-01-22 08:41:20.715 [Thread-6] INFO  library.assistant.exceptions.ExceptionUtil - Tables are already loaded
2020-01-22 08:41:26.779 [JavaFX Application Thread] INFO  library.assistant.ui.login.LoginController - User successfully logged in admin
2020-01-22 08:42:05.510 [Thread-8] INFO  library.assistant.ui.main.Main - Library Assistant is closing on 22-01-2020 08:41:19 AM. Used for 1579660925510 ms
2020-01-22 09:20:30.952 [main] INFO  library.assistant.ui.main.Main - Library Assistant launched on 22-01-2020 09:20:30 AM
2020-01-22 09:20:31.832 [Thread-6] INFO  library.assistant.exceptions.ExceptionUtil - Already loaded tables [issue, book, member, mail_server_info]
2020-01-22 09:20:31.834 [Thread-6] INFO  library.assistant.exceptions.ExceptionUtil - Tables are already loaded
2020-01-22 09:20:41.923 [JavaFX Application Thread] INFO  library.assistant.ui.login.LoginController - User successfully logged in admin
2020-01-22 09:33:29.782 [main] INFO  library.assistant.ui.main.Main - Library Assistant launched on 22-01-2020 09:33:29 AM
2020-01-22 09:33:30.621 [Thread-6] INFO  library.assistant.exceptions.ExceptionUtil - Already loaded tables [issue, book, member, mail_server_info]
2020-01-22 09:33:30.623 [Thread-6] INFO  library.assistant.exceptions.ExceptionUtil - Tables are already loaded
2020-01-22 09:36:37.930 [main] INFO  library.assistant.ui.main.Main - Library Assistant launched on 22-01-2020 09:36:37 AM
2020-01-22 09:36:38.858 [Thread-6] INFO  library.assistant.exceptions.ExceptionUtil - Already loaded tables [issue, book, member, mail_server_info]
2020-01-22 09:36:38.860 [Thread-6] INFO  library.assistant.exceptions.ExceptionUtil - Tables are already loaded
2020-01-22 09:46:32.285 [main] INFO  library.assistant.ui.main.Main - Library Assistant launched on 22-01-2020 09:46:32 AM
2020-01-22 09:46:33.100 [Thread-6] INFO  library.assistant.exceptions.ExceptionUtil - Already loaded tables [issue, book, member, mail_server_info]
2020-01-22 09:46:33.101 [Thread-6] INFO  library.assistant.exceptions.ExceptionUtil - Tables are already loaded
2020-01-22 09:46:40.194 [JavaFX Application Thread] ERROR library.assistant.exceptions.DefaultExceptionHandler - Exception occurred {}
java.lang.RuntimeException: java.lang.reflect.InvocationTargetException
	at javafx.fxml.FXMLLoader$MethodHandler.invoke(FXMLLoader.java:1774) ~[jfxrt.jar:?]
	at javafx.fxml.FXMLLoader$ControllerMethodEventHandler.handle(FXMLLoader.java:1657) ~[jfxrt.jar:?]
	at com.sun.javafx.event.CompositeEventHandler.dispatchBubblingEvent(CompositeEventHandler.java:86) ~[jfxrt.jar:?]
	at com.sun.javafx.event.EventHandlerManager.dispatchBubblingEvent(EventHandlerManager.java:238) ~[jfxrt.jar:?]
	at com.sun.javafx.event.EventHandlerManager.dispatchBubblingEvent(EventHandlerManager.java:191) ~[jfxrt.jar:?]
	at com.sun.javafx.event.CompositeEventDispatcher.dispatchBubblingEvent(CompositeEventDispatcher.java:59) ~[jfxrt.jar:?]
	at com.sun.javafx.event.BasicEventDispatcher.dispatchEvent(BasicEventDispatcher.java:58) ~[jfxrt.jar:?]
	at com.sun.javafx.event.EventDispatchChainImpl.dispatchEvent(EventDispatchChainImpl.java:114) ~[jfxrt.jar:?]
	at com.sun.javafx.event.BasicEventDispatcher.dispatchEvent(BasicEventDispatcher.java:56) ~[jfxrt.jar:?]
	at com.sun.javafx.event.EventDispatchChainImpl.dispatchEvent(EventDispatchChainImpl.java:114) ~[jfxrt.jar:?]
	at com.sun.javafx.event.BasicEventDispatcher.dispatchEvent(BasicEventDispatcher.java:56) ~[jfxrt.jar:?]
	at com.sun.javafx.event.EventDispatchChainImpl.dispatchEvent(EventDispatchChainImpl.java:114) ~[jfxrt.jar:?]
	at com.sun.javafx.event.EventUtil.fireEventImpl(EventUtil.java:74) ~[jfxrt.jar:?]
	at com.sun.javafx.event.EventUtil.fireEvent(EventUtil.java:49) ~[jfxrt.jar:?]
	at javafx.event.Event.fireEvent(Event.java:198) ~[jfxrt.jar:?]
	at javafx.scene.Node.fireEvent(Node.java:8411) ~[jfxrt.jar:?]
	at javafx.scene.control.Button.fire(Button.java:185) ~[jfxrt.jar:?]
	at com.sun.javafx.scene.control.behavior.ButtonBehavior.mouseReleased(ButtonBehavior.java:182) ~[jfxrt.jar:?]
	at com.sun.javafx.scene.control.skin.BehaviorSkinBase$1.handle(BehaviorSkinBase.java:96) ~[jfxrt.jar:?]
	at com.sun.javafx.scene.control.skin.BehaviorSkinBase$1.handle(BehaviorSkinBase.java:89) ~[jfxrt.jar:?]
	at com.sun.javafx.event.CompositeEventHandler$NormalEventHandlerRecord.handleBubblingEvent(CompositeEventHandler.java:218) ~[jfxrt.jar:?]
	at com.sun.javafx.event.CompositeEventHandler.dispatchBubblingEvent(CompositeEventHandler.java:80) ~[jfxrt.jar:?]
	at com.sun.javafx.event.EventHandlerManager.dispatchBubblingEvent(EventHandlerManager.java:238) ~[jfxrt.jar:?]
	at com.sun.javafx.event.EventHandlerManager.dispatchBubblingEvent(EventHandlerManager.java:191) ~[jfxrt.jar:?]
	at com.sun.javafx.event.CompositeEventDispatcher.dispatchBubblingEvent(CompositeEventDispatcher.java:59) ~[jfxrt.jar:?]
	at com.sun.javafx.event.BasicEventDispatcher.dispatchEvent(BasicEventDispatcher.java:58) ~[jfxrt.jar:?]
	at com.sun.javafx.event.EventDispatchChainImpl.dispatchEvent(EventDispatchChainImpl.java:114) ~[jfxrt.jar:?]
	at com.sun.javafx.event.BasicEventDispatcher.dispatchEvent(BasicEventDispatcher.java:56) ~[jfxrt.jar:?]
	at com.sun.javafx.event.EventDispatchChainImpl.dispatchEvent(EventDispatchChainImpl.java:114) ~[jfxrt.jar:?]
	at com.sun.javafx.event.BasicEventDispatcher.dispatchEvent(BasicEventDispatcher.java:56) ~[jfxrt.jar:?]
	at com.sun.javafx.event.EventDispatchChainImpl.dispatchEvent(EventDispatchChainImpl.java:114) ~[jfxrt.jar:?]
	at com.sun.javafx.event.EventUtil.fireEventImpl(EventUtil.java:74) ~[jfxrt.jar:?]
	at com.sun.javafx.event.EventUtil.fireEvent(EventUtil.java:54) ~[jfxrt.jar:?]
	at javafx.event.Event.fireEvent(Event.java:198) ~[jfxrt.jar:?]
	at javafx.scene.Scene$MouseHandler.process(Scene.java:3757) ~[jfxrt.jar:?]
	at javafx.scene.Scene$MouseHandler.access$1500(Scene.java:3485) ~[jfxrt.jar:?]
	at javafx.scene.Scene.impl_processMouseEvent(Scene.java:1762) ~[jfxrt.jar:?]
	at javafx.scene.Scene$ScenePeerListener.mouseEvent(Scene.java:2494) ~[jfxrt.jar:?]
	at com.sun.javafx.tk.quantum.GlassViewEventHandler$MouseEventNotification.run(GlassViewEventHandler.java:394) ~[jfxrt.jar:?]
	at com.sun.javafx.tk.quantum.GlassViewEventHandler$MouseEventNotification.run(GlassViewEventHandler.java:295) ~[jfxrt.jar:?]
	at java.security.AccessController.doPrivileged(Native Method) ~[?:1.8.0_221]
	at com.sun.javafx.tk.quantum.GlassViewEventHandler.lambda$handleMouseEvent$2(GlassViewEventHandler.java:432) ~[jfxrt.jar:?]
	at com.sun.javafx.tk.quantum.QuantumToolkit.runWithoutRenderLock(QuantumToolkit.java:410) ~[jfxrt.jar:?]
	at com.sun.javafx.tk.quantum.GlassViewEventHandler.handleMouseEvent(GlassViewEventHandler.java:431) ~[jfxrt.jar:?]
	at com.sun.glass.ui.View.handleMouseEvent(View.java:555) ~[jfxrt.jar:?]
	at com.sun.glass.ui.View.notifyMouse(View.java:937) ~[jfxrt.jar:?]
	at com.sun.glass.ui.win.WinApplication._runLoop(Native Method) ~[jfxrt.jar:?]
	at com.sun.glass.ui.win.WinApplication.lambda$null$3(WinApplication.java:177) ~[jfxrt.jar:?]
	at java.lang.Thread.run(Thread.java:748) [?:1.8.0_221]
Caused by: java.lang.reflect.InvocationTargetException
	at sun.reflect.NativeMethodAccessorImpl.invoke0(Native Method) ~[?:1.8.0_221]
	at sun.reflect.NativeMethodAccessorImpl.invoke(NativeMethodAccessorImpl.java:62) ~[?:1.8.0_221]
	at sun.reflect.DelegatingMethodAccessorImpl.invoke(DelegatingMethodAccessorImpl.java:43) ~[?:1.8.0_221]
	at java.lang.reflect.Method.invoke(Method.java:498) ~[?:1.8.0_221]
	at sun.reflect.misc.Trampoline.invoke(MethodUtil.java:71) ~[?:1.8.0_221]
	at sun.reflect.GeneratedMethodAccessor2.invoke(Unknown Source) ~[?:?]
	at sun.reflect.DelegatingMethodAccessorImpl.invoke(DelegatingMethodAccessorImpl.java:43) ~[?:1.8.0_221]
	at java.lang.reflect.Method.invoke(Method.java:498) ~[?:1.8.0_221]
	at sun.reflect.misc.MethodUtil.invoke(MethodUtil.java:275) ~[?:1.8.0_221]
	at javafx.fxml.FXMLLoader$MethodHandler.invoke(FXMLLoader.java:1769) ~[jfxrt.jar:?]
	... 48 more
Caused by: java.lang.UnsupportedOperationException: Not supported yet.
	at library.assistant.ui.login.LoginController.stringCompare(LoginController.java:80) ~[Library%20Assistant.jar:1.0]
	at library.assistant.ui.login.LoginController.handleLoginButtonAction(LoginController.java:45) ~[Library%20Assistant.jar:1.0]
	at sun.reflect.NativeMethodAccessorImpl.invoke0(Native Method) ~[?:1.8.0_221]
	at sun.reflect.NativeMethodAccessorImpl.invoke(NativeMethodAccessorImpl.java:62) ~[?:1.8.0_221]
	at sun.reflect.DelegatingMethodAccessorImpl.invoke(DelegatingMethodAccessorImpl.java:43) ~[?:1.8.0_221]
	at java.lang.reflect.Method.invoke(Method.java:498) ~[?:1.8.0_221]
	at sun.reflect.misc.Trampoline.invoke(MethodUtil.java:71) ~[?:1.8.0_221]
	at sun.reflect.GeneratedMethodAccessor2.invoke(Unknown Source) ~[?:?]
	at sun.reflect.DelegatingMethodAccessorImpl.invoke(DelegatingMethodAccessorImpl.java:43) ~[?:1.8.0_221]
	at java.lang.reflect.Method.invoke(Method.java:498) ~[?:1.8.0_221]
	at sun.reflect.misc.MethodUtil.invoke(MethodUtil.java:275) ~[?:1.8.0_221]
	at javafx.fxml.FXMLLoader$MethodHandler.invoke(FXMLLoader.java:1769) ~[jfxrt.jar:?]
	... 48 more
2020-01-22 09:46:41.105 [JavaFX Application Thread] ERROR library.assistant.exceptions.DefaultExceptionHandler - Exception occurred {}
java.lang.RuntimeException: java.lang.reflect.InvocationTargetException
	at javafx.fxml.FXMLLoader$MethodHandler.invoke(FXMLLoader.java:1774) ~[jfxrt.jar:?]
	at javafx.fxml.FXMLLoader$ControllerMethodEventHandler.handle(FXMLLoader.java:1657) ~[jfxrt.jar:?]
	at com.sun.javafx.event.CompositeEventHandler.dispatchBubblingEvent(CompositeEventHandler.java:86) ~[jfxrt.jar:?]
	at com.sun.javafx.event.EventHandlerManager.dispatchBubblingEvent(EventHandlerManager.java:238) ~[jfxrt.jar:?]
	at com.sun.javafx.event.EventHandlerManager.dispatchBubblingEvent(EventHandlerManager.java:191) ~[jfxrt.jar:?]
	at com.sun.javafx.event.CompositeEventDispatcher.dispatchBubblingEvent(CompositeEventDispatcher.java:59) ~[jfxrt.jar:?]
	at com.sun.javafx.event.BasicEventDispatcher.dispatchEvent(BasicEventDispatcher.java:58) ~[jfxrt.jar:?]
	at com.sun.javafx.event.EventDispatchChainImpl.dispatchEvent(EventDispatchChainImpl.java:114) ~[jfxrt.jar:?]
	at com.sun.javafx.event.BasicEventDispatcher.dispatchEvent(BasicEventDispatcher.java:56) ~[jfxrt.jar:?]
	at com.sun.javafx.event.EventDispatchChainImpl.dispatchEvent(EventDispatchChainImpl.java:114) ~[jfxrt.jar:?]
	at com.sun.javafx.event.BasicEventDispatcher.dispatchEvent(BasicEventDispatcher.java:56) ~[jfxrt.jar:?]
	at com.sun.javafx.event.EventDispatchChainImpl.dispatchEvent(EventDispatchChainImpl.java:114) ~[jfxrt.jar:?]
	at com.sun.javafx.event.EventUtil.fireEventImpl(EventUtil.java:74) ~[jfxrt.jar:?]
	at com.sun.javafx.event.EventUtil.fireEvent(EventUtil.java:49) ~[jfxrt.jar:?]
	at javafx.event.Event.fireEvent(Event.java:198) ~[jfxrt.jar:?]
	at javafx.scene.Node.fireEvent(Node.java:8411) ~[jfxrt.jar:?]
	at javafx.scene.control.Button.fire(Button.java:185) ~[jfxrt.jar:?]
	at com.sun.javafx.scene.control.behavior.ButtonBehavior.mouseReleased(ButtonBehavior.java:182) ~[jfxrt.jar:?]
	at com.sun.javafx.scene.control.skin.BehaviorSkinBase$1.handle(BehaviorSkinBase.java:96) ~[jfxrt.jar:?]
	at com.sun.javafx.scene.control.skin.BehaviorSkinBase$1.handle(BehaviorSkinBase.java:89) ~[jfxrt.jar:?]
	at com.sun.javafx.event.CompositeEventHandler$NormalEventHandlerRecord.handleBubblingEvent(CompositeEventHandler.java:218) ~[jfxrt.jar:?]
	at com.sun.javafx.event.CompositeEventHandler.dispatchBubblingEvent(CompositeEventHandler.java:80) ~[jfxrt.jar:?]
	at com.sun.javafx.event.EventHandlerManager.dispatchBubblingEvent(EventHandlerManager.java:238) ~[jfxrt.jar:?]
	at com.sun.javafx.event.EventHandlerManager.dispatchBubblingEvent(EventHandlerManager.java:191) ~[jfxrt.jar:?]
	at com.sun.javafx.event.CompositeEventDispatcher.dispatchBubblingEvent(CompositeEventDispatcher.java:59) ~[jfxrt.jar:?]
	at com.sun.javafx.event.BasicEventDispatcher.dispatchEvent(BasicEventDispatcher.java:58) ~[jfxrt.jar:?]
	at com.sun.javafx.event.EventDispatchChainImpl.dispatchEvent(EventDispatchChainImpl.java:114) ~[jfxrt.jar:?]
	at com.sun.javafx.event.BasicEventDispatcher.dispatchEvent(BasicEventDispatcher.java:56) ~[jfxrt.jar:?]
	at com.sun.javafx.event.EventDispatchChainImpl.dispatchEvent(EventDispatchChainImpl.java:114) ~[jfxrt.jar:?]
	at com.sun.javafx.event.BasicEventDispatcher.dispatchEvent(BasicEventDispatcher.java:56) ~[jfxrt.jar:?]
	at com.sun.javafx.event.EventDispatchChainImpl.dispatchEvent(EventDispatchChainImpl.java:114) ~[jfxrt.jar:?]
	at com.sun.javafx.event.EventUtil.fireEventImpl(EventUtil.java:74) ~[jfxrt.jar:?]
	at com.sun.javafx.event.EventUtil.fireEvent(EventUtil.java:54) ~[jfxrt.jar:?]
	at javafx.event.Event.fireEvent(Event.java:198) ~[jfxrt.jar:?]
	at javafx.scene.Scene$MouseHandler.process(Scene.java:3757) ~[jfxrt.jar:?]
	at javafx.scene.Scene$MouseHandler.access$1500(Scene.java:3485) ~[jfxrt.jar:?]
	at javafx.scene.Scene.impl_processMouseEvent(Scene.java:1762) ~[jfxrt.jar:?]
	at javafx.scene.Scene$ScenePeerListener.mouseEvent(Scene.java:2494) ~[jfxrt.jar:?]
	at com.sun.javafx.tk.quantum.GlassViewEventHandler$MouseEventNotification.run(GlassViewEventHandler.java:394) ~[jfxrt.jar:?]
	at com.sun.javafx.tk.quantum.GlassViewEventHandler$MouseEventNotification.run(GlassViewEventHandler.java:295) ~[jfxrt.jar:?]
	at java.security.AccessController.doPrivileged(Native Method) ~[?:1.8.0_221]
	at com.sun.javafx.tk.quantum.GlassViewEventHandler.lambda$handleMouseEvent$2(GlassViewEventHandler.java:432) ~[jfxrt.jar:?]
	at com.sun.javafx.tk.quantum.QuantumToolkit.runWithoutRenderLock(QuantumToolkit.java:410) ~[jfxrt.jar:?]
	at com.sun.javafx.tk.quantum.GlassViewEventHandler.handleMouseEvent(GlassViewEventHandler.java:431) ~[jfxrt.jar:?]
	at com.sun.glass.ui.View.handleMouseEvent(View.java:555) ~[jfxrt.jar:?]
	at com.sun.glass.ui.View.notifyMouse(View.java:937) ~[jfxrt.jar:?]
	at com.sun.glass.ui.win.WinApplication._runLoop(Native Method) ~[jfxrt.jar:?]
	at com.sun.glass.ui.win.WinApplication.lambda$null$3(WinApplication.java:177) ~[jfxrt.jar:?]
	at java.lang.Thread.run(Thread.java:748) [?:1.8.0_221]
Caused by: java.lang.reflect.InvocationTargetException
	at sun.reflect.NativeMethodAccessorImpl.invoke0(Native Method) ~[?:1.8.0_221]
	at sun.reflect.NativeMethodAccessorImpl.invoke(NativeMethodAccessorImpl.java:62) ~[?:1.8.0_221]
	at sun.reflect.DelegatingMethodAccessorImpl.invoke(DelegatingMethodAccessorImpl.java:43) ~[?:1.8.0_221]
	at java.lang.reflect.Method.invoke(Method.java:498) ~[?:1.8.0_221]
	at sun.reflect.misc.Trampoline.invoke(MethodUtil.java:71) ~[?:1.8.0_221]
	at sun.reflect.GeneratedMethodAccessor2.invoke(Unknown Source) ~[?:?]
	at sun.reflect.DelegatingMethodAccessorImpl.invoke(DelegatingMethodAccessorImpl.java:43) ~[?:1.8.0_221]
	at java.lang.reflect.Method.invoke(Method.java:498) ~[?:1.8.0_221]
	at sun.reflect.misc.MethodUtil.invoke(MethodUtil.java:275) ~[?:1.8.0_221]
	at javafx.fxml.FXMLLoader$MethodHandler.invoke(FXMLLoader.java:1769) ~[jfxrt.jar:?]
	... 48 more
Caused by: java.lang.UnsupportedOperationException: Not supported yet.
	at library.assistant.ui.login.LoginController.stringCompare(LoginController.java:80) ~[Library%20Assistant.jar:1.0]
	at library.assistant.ui.login.LoginController.handleLoginButtonAction(LoginController.java:45) ~[Library%20Assistant.jar:1.0]
	at sun.reflect.NativeMethodAccessorImpl.invoke0(Native Method) ~[?:1.8.0_221]
	at sun.reflect.NativeMethodAccessorImpl.invoke(NativeMethodAccessorImpl.java:62) ~[?:1.8.0_221]
	at sun.reflect.DelegatingMethodAccessorImpl.invoke(DelegatingMethodAccessorImpl.java:43) ~[?:1.8.0_221]
	at java.lang.reflect.Method.invoke(Method.java:498) ~[?:1.8.0_221]
	at sun.reflect.misc.Trampoline.invoke(MethodUtil.java:71) ~[?:1.8.0_221]
	at sun.reflect.GeneratedMethodAccessor2.invoke(Unknown Source) ~[?:?]
	at sun.reflect.DelegatingMethodAccessorImpl.invoke(DelegatingMethodAccessorImpl.java:43) ~[?:1.8.0_221]
	at java.lang.reflect.Method.invoke(Method.java:498) ~[?:1.8.0_221]
	at sun.reflect.misc.MethodUtil.invoke(MethodUtil.java:275) ~[?:1.8.0_221]
	at javafx.fxml.FXMLLoader$MethodHandler.invoke(FXMLLoader.java:1769) ~[jfxrt.jar:?]
	... 48 more
2020-01-22 09:49:15.280 [main] INFO  library.assistant.ui.main.Main - Library Assistant launched on 22-01-2020 09:49:15 AM
2020-01-22 09:49:16.138 [Thread-6] INFO  library.assistant.exceptions.ExceptionUtil - Already loaded tables [issue, book, member, mail_server_info]
2020-01-22 09:49:16.140 [Thread-6] INFO  library.assistant.exceptions.ExceptionUtil - Tables are already loaded
2020-01-22 09:49:24.534 [JavaFX Application Thread] INFO  library.assistant.ui.login.LoginController - User successfully logged in admin
2020-01-22 09:49:32.363 [Thread-8] INFO  library.assistant.ui.main.Main - Library Assistant is closing on 22-01-2020 09:49:15 AM. Used for 1579664972362 ms
2020-01-22 09:52:47.449 [main] INFO  library.assistant.ui.main.Main - Library Assistant launched on 22-01-2020 09:52:47 AM
2020-01-22 09:52:48.325 [Thread-6] INFO  library.assistant.exceptions.ExceptionUtil - Already loaded tables [issue, book, member, mail_server_info]
2020-01-22 09:52:48.327 [Thread-6] INFO  library.assistant.exceptions.ExceptionUtil - Tables are already loaded
2020-01-22 09:52:56.860 [JavaFX Application Thread] INFO  library.assistant.ui.login.LoginController - User successfully logged in admin
2020-01-22 09:52:59.976 [Thread-8] INFO  library.assistant.ui.main.Main - Library Assistant is closing on 22-01-2020 09:52:47 AM. Used for 1579665179976 ms
2020-01-22 10:00:48.769 [main] INFO  library.assistant.ui.main.Main - Library Assistant launched on 22-01-2020 10:00:48 AM
2020-01-22 10:00:49.706 [Thread-6] INFO  library.assistant.exceptions.ExceptionUtil - Already loaded tables [issue, book, member, mail_server_info]
2020-01-22 10:00:49.708 [Thread-6] INFO  library.assistant.exceptions.ExceptionUtil - Tables are already loaded
2020-01-22 10:01:17.215 [JavaFX Application Thread] INFO  library.assistant.ui.login.LoginController - User successfully logged in admin
2020-01-22 10:03:02.259 [JavaFX Application Thread] INFO  library.assistant.exceptions.ExceptionUtil - INSERT INTO ISSUE(memberID,bookID) VALUES ('101','122') and UPDATE BOOK SET isAvail = false WHERE id = '122'
2020-01-22 10:03:36.145 [JavaFX Application Thread] INFO  library.assistant.exceptions.ExceptionUtil - Issued on 2020-01-22 10:03:02.266
2020-01-22 10:03:56.101 [JavaFX Application Thread] INFO  library.assistant.exceptions.ExceptionUtil - null
2020-01-22 10:03:56.102 [JavaFX Application Thread] INFO  library.assistant.exceptions.ExceptionUtil - Mail server not configured
2020-01-22 10:04:36.189 [main] INFO  library.assistant.ui.main.Main - Library Assistant launched on 22-01-2020 10:04:36 AM
2020-01-22 10:05:21.665 [main] INFO  library.assistant.ui.main.Main - Library Assistant launched on 22-01-2020 10:05:21 AM
2020-01-22 10:05:22.785 [Thread-6] INFO  library.assistant.exceptions.ExceptionUtil - Already loaded tables [issue, book, member, mail_server_info]
2020-01-22 10:05:22.786 [Thread-6] INFO  library.assistant.exceptions.ExceptionUtil - Tables are already loaded
2020-01-22 10:05:30.957 [JavaFX Application Thread] INFO  library.assistant.ui.login.LoginController - User successfully logged in admin
2020-01-22 10:05:39.918 [Thread-8] INFO  library.assistant.ui.main.Main - Library Assistant is closing on 22-01-2020 10:05:21 AM. Used for 1579665939918 ms
2020-01-22 10:15:25.838 [main] INFO  library.assistant.ui.main.Main - Library Assistant launched on 22-01-2020 10:15:25 AM
2020-01-22 10:15:26.827 [Thread-6] INFO  library.assistant.exceptions.ExceptionUtil - Already loaded tables [issue, book, member, mail_server_info]
2020-01-22 10:15:26.829 [Thread-6] INFO  library.assistant.exceptions.ExceptionUtil - Tables are already loaded
2020-01-22 10:15:27.759 [Thread-8] INFO  library.assistant.ui.main.Main - Library Assistant is closing on 22-01-2020 10:15:25 AM. Used for 1579666527758 ms
2020-01-22 10:15:51.555 [main] INFO  library.assistant.ui.main.Main - Library Assistant launched on 22-01-2020 10:15:51 AM
2020-01-22 10:15:52.501 [Thread-6] INFO  library.assistant.exceptions.ExceptionUtil - Already loaded tables [issue, book, member, mail_server_info]
2020-01-22 10:15:52.503 [Thread-6] INFO  library.assistant.exceptions.ExceptionUtil - Tables are already loaded
2020-01-22 10:16:04.620 [JavaFX Application Thread] INFO  library.assistant.ui.login.LoginController - User successfully logged in admin
2020-01-22 10:16:43.918 [main] INFO  library.assistant.ui.main.Main - Library Assistant launched on 22-01-2020 10:16:43 AM
2020-01-22 10:16:44.923 [Thread-6] INFO  library.assistant.exceptions.ExceptionUtil - Already loaded tables [issue, book, member, mail_server_info]
2020-01-22 10:16:44.924 [Thread-6] INFO  library.assistant.exceptions.ExceptionUtil - Tables are already loaded
2020-01-22 10:17:43.789 [main] INFO  library.assistant.ui.main.Main - Library Assistant launched on 22-01-2020 10:17:43 AM
2020-01-22 10:17:44.793 [Thread-6] INFO  library.assistant.exceptions.ExceptionUtil - Already loaded tables [issue, book, member, mail_server_info]
2020-01-22 10:17:44.794 [Thread-6] INFO  library.assistant.exceptions.ExceptionUtil - Tables are already loaded
2020-01-22 10:18:30.872 [main] INFO  library.assistant.ui.main.Main - Library Assistant launched on 22-01-2020 10:18:30 AM
2020-01-22 10:18:31.825 [Thread-6] INFO  library.assistant.exceptions.ExceptionUtil - Already loaded tables [issue, book, member, mail_server_info]
2020-01-22 10:18:31.827 [Thread-6] INFO  library.assistant.exceptions.ExceptionUtil - Tables are already loaded
2020-01-22 10:18:39.101 [JavaFX Application Thread] INFO  library.assistant.ui.login.LoginController - User successfully logged in admin
2020-01-22 10:18:40.873 [Thread-8] INFO  library.assistant.ui.main.Main - Library Assistant is closing on 22-01-2020 10:18:30 AM. Used for 1579666720872 ms
